<?xml version="1.0" encoding="UTF-8"?>
<!-- Generated by org.testng.reporters.JUnitReportReporter -->
<testsuite skipped="0" hostname="LAPTOP-GH3PPCGS" name="com.training.SanityTest.RegisterTest" tests="1" failures="0" timestamp="02 Sep 2021 09:52:24 GMT" time="14.402" errors="0">
  <testcase name="RegisterTest" time="14.402" classname="com.training.SanityTest.RegisterTest"/>
</testsuite> <!-- com.training.SanityTest.RegisterTest -->
