<?xml version="1.0" encoding="UTF-8"?>
<!-- Generated by org.testng.reporters.JUnitReportReporter -->
<testsuite skipped="0" hostname="LAPTOP-GH3PPCGS" name="com.training.SanityTest.LoginTest" tests="1" failures="0" timestamp="03 Sep 2021 03:09:41 GMT" time="9.375" errors="0">
  <testcase name="loginTest" time="9.375" classname="com.training.SanityTest.LoginTest"/>
</testsuite> <!-- com.training.SanityTest.LoginTest -->
